<?xml version="1.0" encoding="UTF-8"?>
<!-- Generated by org.testng.reporters.JUnitReportReporter -->
<<<<<<< HEAD
<testsuite name="tests.TC1_GR_FB_Account" tests="1" time="17.229" ignored="2" failures="0" timestamp="26 Jul 2017 07:32:18 GMT" skipped="0" hostname="CSCINDAE740954" errors="0">
  <testcase name="FB" time="17.229" classname="tests.TC1_GR_FB_Account"/>
=======
<testsuite name="tests.TC1_GR_FB_Account" tests="2" time="156.598" ignored="8" failures="0" timestamp="26 Jul 2017 10:26:14 GMT" skipped="0" hostname="CSCINDAE684841" errors="0">
  <testcase name="FB" time="80.072" classname="tests.TC1_GR_FB_Account"/>
  <testcase name="FB" time="76.526" classname="tests.TC1_GR_FB_Account"/>
>>>>>>> 79e71242a5859b1f8b11f6b9a628d7f429434396
  <testcase name="closeDriverObjects" classname="projectFactory.DriverFactory">
    <skipped/>
  </testcase> <!-- closeDriverObjects -->
  <testcase name="closeDriverObjects" classname="projectFactory.DriverFactory">
    <skipped/>
  </testcase> <!-- closeDriverObjects -->
  <testcase name="closeDriverObjects" classname="projectFactory.DriverFactory">
    <skipped/>
  </testcase> <!-- closeDriverObjects -->
  <testcase name="closeDriverObjects" classname="projectFactory.DriverFactory">
    <skipped/>
  </testcase> <!-- closeDriverObjects -->
  <testcase name="instantiateDriverObject" classname="projectFactory.DriverFactory">
    <skipped/>
  </testcase> <!-- instantiateDriverObject -->
  <testcase name="instantiateDriverObject" classname="projectFactory.DriverFactory">
    <skipped/>
  </testcase> <!-- instantiateDriverObject -->
  <testcase name="instantiateDriverObject" classname="projectFactory.DriverFactory">
    <skipped/>
  </testcase> <!-- instantiateDriverObject -->
  <testcase name="instantiateDriverObject" classname="projectFactory.DriverFactory">
    <skipped/>
  </testcase> <!-- instantiateDriverObject -->
</testsuite> <!-- tests.TC1_GR_FB_Account -->
