<?xml version="1.0" encoding="UTF-8"?>
<!-- Generated by org.testng.reporters.JUnitReportReporter -->
<testsuite name="tests.TC5_GR_FB_Account2" tests="1" time="3.201" ignored="2" failures="0" timestamp="25 Jul 2017 02:51:18 GMT" skipped="0" hostname="DESKTOP-DAP7KSU" errors="0">
  <testcase name="FB" time="3.201" classname="tests.TC5_GR_FB_Account2"/>
  <testcase name="closeDriverObjects" classname="projectFactory.DriverFactory">
    <skipped/>
  </testcase> <!-- closeDriverObjects -->
  <testcase name="instantiateDriverObject" classname="projectFactory.DriverFactory">
    <skipped/>
  </testcase> <!-- instantiateDriverObject -->
</testsuite> <!-- tests.TC5_GR_FB_Account2 -->
