<?xml version="1.0" encoding="UTF-8"?>
<!-- Generated by org.testng.reporters.JUnitReportReporter -->
<testsuite name="tests.Balamouse" tests="1" time="31.916" ignored="0" failures="0" timestamp="02 Aug 2017 14:50:11 GMT" skipped="0" hostname="CSCINDAE752636" errors="0">
  <testcase name="hover" time="31.916" classname="tests.Balamouse"/>
</testsuite> <!-- tests.Balamouse -->
