<?xml version="1.0" encoding="UTF-8"?>
<!-- Generated by org.testng.reporters.JUnitReportReporter -->
<testsuite name="tests.TC1_Google_SignUp" tests="2" time="14.953" ignored="8" failures="0" timestamp="26 Jul 2017 10:26:14 GMT" skipped="0" hostname="CSCINDAE684841" errors="0">
  <testcase name="google_signup" time="3.640" classname="tests.TC1_Google_SignUp"/>
  <testcase name="google_signup" time="11.313" classname="tests.TC1_Google_SignUp"/>
  <testcase name="closeDriverObjects" classname="projectFactory.DriverFactory">
    <skipped/>
  </testcase> <!-- closeDriverObjects -->
  <testcase name="closeDriverObjects" classname="projectFactory.DriverFactory">
    <skipped/>
  </testcase> <!-- closeDriverObjects -->
  <testcase name="closeDriverObjects" classname="projectFactory.DriverFactory">
    <skipped/>
  </testcase> <!-- closeDriverObjects -->
  <testcase name="closeDriverObjects" classname="projectFactory.DriverFactory">
    <skipped/>
  </testcase> <!-- closeDriverObjects -->
  <testcase name="instantiateDriverObject" classname="projectFactory.DriverFactory">
    <skipped/>
  </testcase> <!-- instantiateDriverObject -->
  <testcase name="instantiateDriverObject" classname="projectFactory.DriverFactory">
    <skipped/>
  </testcase> <!-- instantiateDriverObject -->
  <testcase name="instantiateDriverObject" classname="projectFactory.DriverFactory">
    <skipped/>
  </testcase> <!-- instantiateDriverObject -->
  <testcase name="instantiateDriverObject" classname="projectFactory.DriverFactory">
    <skipped/>
  </testcase> <!-- instantiateDriverObject -->
</testsuite> <!-- tests.TC1_Google_SignUp -->
