<?xml version="1.0" encoding="UTF-8"?>
<!-- Generated by org.testng.reporters.JUnitReportReporter -->
<testsuite name="tests.TC1_GR_FB_Account" tests="1" time="17.229" ignored="2" failures="0" timestamp="26 Jul 2017 07:32:18 GMT" skipped="0" hostname="CSCINDAE740954" errors="0">
  <testcase name="FB" time="17.229" classname="tests.TC1_GR_FB_Account"/>
  <testcase name="closeDriverObjects" classname="projectFactory.DriverFactory">
    <skipped/>
  </testcase> <!-- closeDriverObjects -->
  <testcase name="instantiateDriverObject" classname="projectFactory.DriverFactory">
    <skipped/>
  </testcase> <!-- instantiateDriverObject -->
</testsuite> <!-- tests.TC1_GR_FB_Account -->
