<?xml version="1.0" encoding="UTF-8"?>
<!-- Generated by org.testng.reporters.JUnitReportReporter -->
<testsuite name="tests.GR_Hover_Test" tests="1" time="64.038" ignored="0" failures="0" timestamp="02 Aug 2017 12:35:44 GMT" skipped="0" hostname="CSCINDAH504272" errors="0">
  <testcase name="hover" time="64.038" classname="tests.GR_Hover_Test"/>
</testsuite> <!-- tests.GR_Hover_Test -->
