<?xml version="1.0" encoding="UTF-8"?>
<!-- Generated by org.testng.reporters.JUnitReportReporter -->
<testsuite name="tests.GR_JSE_TC1" tests="1" time="63.618" ignored="0" failures="0" timestamp="03 Aug 2017 12:27:22 GMT" skipped="0" hostname="CSCINDAH504272" errors="0">
  <testcase name="scroll" time="63.618" classname="tests.GR_JSE_TC1"/>
</testsuite> <!-- tests.GR_JSE_TC1 -->
