<?xml version="1.0" encoding="UTF-8"?>
<!-- Generated by org.testng.reporters.JUnitReportReporter -->
<<<<<<< HEAD
<testsuite name="tests.TC5_GR_FB_Account2" tests="1" time="17.205" ignored="2" failures="0" timestamp="26 Jul 2017 07:32:18 GMT" skipped="0" hostname="CSCINDAE740954" errors="0">
  <testcase name="FB" time="17.205" classname="tests.TC5_GR_FB_Account2"/>
=======
<testsuite name="tests.TC5_GR_FB_Account2" tests="1" time="44.109" ignored="4" failures="0" timestamp="26 Jul 2017 06:55:37 GMT" skipped="0" hostname="CSCINDAE684841" errors="0">
  <testcase name="FB" time="44.109" classname="tests.TC5_GR_FB_Account2"/>
>>>>>>> 79e71242a5859b1f8b11f6b9a628d7f429434396
  <testcase name="closeDriverObjects" classname="projectFactory.DriverFactory">
    <skipped/>
  </testcase> <!-- closeDriverObjects -->
  <testcase name="closeDriverObjects" classname="projectFactory.DriverFactory">
    <skipped/>
  </testcase> <!-- closeDriverObjects -->
  <testcase name="instantiateDriverObject" classname="projectFactory.DriverFactory">
    <skipped/>
  </testcase> <!-- instantiateDriverObject -->
  <testcase name="instantiateDriverObject" classname="projectFactory.DriverFactory">
    <skipped/>
  </testcase> <!-- instantiateDriverObject -->
</testsuite> <!-- tests.TC5_GR_FB_Account2 -->
