<?xml version="1.0" encoding="UTF-8"?>
<!-- Generated by org.testng.reporters.JUnitReportReporter -->
<testsuite name="tests.TAIJSTest" tests="1" time="24.434" ignored="0" failures="0" timestamp="03 Aug 2017 13:12:01 GMT" skipped="0" hostname="CSCINDAE740954" errors="0">
  <testcase name="Ins" time="24.434" classname="tests.TAIJSTest"/>
</testsuite> <!-- tests.TAIJSTest -->
