<?xml version="1.0" encoding="UTF-8"?>
<!-- Generated by org.testng.reporters.JUnitReportReporter -->
<<<<<<< HEAD
<testsuite name="tests.TC1_Google_SignUp" tests="1" time="15.557" ignored="0" failures="0" timestamp="26 Jul 2017 09:17:32 GMT" skipped="0" hostname="CSCINDAH504272" errors="0">
  <testcase name="google_signup" time="15.557" classname="tests.TC1_Google_SignUp"/>
=======
<testsuite name="tests.TC1_Google_SignUp" tests="2" time="14.953" ignored="8" failures="0" timestamp="26 Jul 2017 10:26:14 GMT" skipped="0" hostname="CSCINDAE684841" errors="0">
  <testcase name="google_signup" time="3.640" classname="tests.TC1_Google_SignUp"/>
  <testcase name="google_signup" time="11.313" classname="tests.TC1_Google_SignUp"/>
  <testcase name="closeDriverObjects" classname="projectFactory.DriverFactory">
    <skipped/>
  </testcase> <!-- closeDriverObjects -->
  <testcase name="closeDriverObjects" classname="projectFactory.DriverFactory">
    <skipped/>
  </testcase> <!-- closeDriverObjects -->
  <testcase name="closeDriverObjects" classname="projectFactory.DriverFactory">
    <skipped/>
  </testcase> <!-- closeDriverObjects -->
  <testcase name="closeDriverObjects" classname="projectFactory.DriverFactory">
    <skipped/>
  </testcase> <!-- closeDriverObjects -->
  <testcase name="instantiateDriverObject" classname="projectFactory.DriverFactory">
    <skipped/>
  </testcase> <!-- instantiateDriverObject -->
  <testcase name="instantiateDriverObject" classname="projectFactory.DriverFactory">
    <skipped/>
  </testcase> <!-- instantiateDriverObject -->
  <testcase name="instantiateDriverObject" classname="projectFactory.DriverFactory">
    <skipped/>
  </testcase> <!-- instantiateDriverObject -->
  <testcase name="instantiateDriverObject" classname="projectFactory.DriverFactory">
    <skipped/>
  </testcase> <!-- instantiateDriverObject -->
>>>>>>> d678d1e1e7b3ce328a745d8a34d6ebfe2d6a5b17
</testsuite> <!-- tests.TC1_Google_SignUp -->
