<?xml version="1.0" encoding="UTF-8"?>
<!-- Generated by org.testng.reporters.JUnitReportReporter -->
<testsuite name="tests.TC1_Google_SignUp" tests="1" time="15.557" ignored="0" failures="0" timestamp="26 Jul 2017 09:17:32 GMT" skipped="0" hostname="CSCINDAH504272" errors="0">
  <testcase name="google_signup" time="15.557" classname="tests.TC1_Google_SignUp"/>
</testsuite> <!-- tests.TC1_Google_SignUp -->
