<?xml version="1.0" encoding="UTF-8"?>
<!-- Generated by org.testng.reporters.JUnitReportReporter -->
<testsuite name="tests.TC1_Google_Searchname" tests="2" time="0.842" ignored="4" failures="0" timestamp="23 Jul 2017 14:45:40 GMT" skipped="0" hostname="DESKTOP-DAP7KSU" errors="2">
  <testcase name="namesearch" time="0.063" classname="tests.TC1_Google_Searchname">
    <error type="org.testng.internal.reflect.MethodMatcherException" message="
Data provider mismatch
Method: namesearch([Parameter{index=0, type=java.lang.String, declaredAnnotations=[]}])
Arguments: [(java.lang.String)aabb,(java.lang.String)as,(java.lang.String)a.b@gmail.com,(java.lang.String)a123,(java.lang.String)10&#039;,(java.lang.String)Jul,(java.lang.String)2010&#039;,(java.lang.String)Male]">
      <![CDATA[org.testng.internal.reflect.MethodMatcherException: 
Data provider mismatch
Method: namesearch([Parameter{index=0, type=java.lang.String, declaredAnnotations=[]}])
Arguments: [(java.lang.String)aabb,(java.lang.String)as,(java.lang.String)a.b@gmail.com,(java.lang.String)a123,(java.lang.String)10',(java.lang.String)Jul,(java.lang.String)2010',(java.lang.String)Male]
	at org.testng.internal.reflect.DataProviderMethodMatcher.getConformingArguments(DataProviderMethodMatcher.java:52)
	at org.testng.internal.Invoker.injectParameters(Invoker.java:1278)
	at org.testng.internal.Invoker.invokeTestMethods(Invoker.java:1171)
	at org.testng.internal.TestMethodWorker.invokeTestMethods(TestMethodWorker.java:129)
	at org.testng.internal.TestMethodWorker.run(TestMethodWorker.java:112)
	at java.util.concurrent.ThreadPoolExecutor.runWorker(Unknown Source)
	at java.util.concurrent.ThreadPoolExecutor$Worker.run(Unknown Source)
	at java.lang.Thread.run(Unknown Source)
]]>
    </error>
  </testcase> <!-- namesearch -->
  <testcase name="namesearch" time="0.779" classname="tests.TC1_Google_Searchname">
    <error type="org.testng.internal.reflect.MethodMatcherException" message="
Data provider mismatch
Method: namesearch([Parameter{index=0, type=java.lang.String, declaredAnnotations=[]}])
Arguments: [(java.lang.String)aabb,(java.lang.String)as,(java.lang.String)a.b@gmail.com,(java.lang.String)a123,(java.lang.String)10&#039;,(java.lang.String)Jul,(java.lang.String)2010&#039;,(java.lang.String)Male]">
      <![CDATA[org.testng.internal.reflect.MethodMatcherException: 
Data provider mismatch
Method: namesearch([Parameter{index=0, type=java.lang.String, declaredAnnotations=[]}])
Arguments: [(java.lang.String)aabb,(java.lang.String)as,(java.lang.String)a.b@gmail.com,(java.lang.String)a123,(java.lang.String)10',(java.lang.String)Jul,(java.lang.String)2010',(java.lang.String)Male]
	at org.testng.internal.reflect.DataProviderMethodMatcher.getConformingArguments(DataProviderMethodMatcher.java:52)
	at org.testng.internal.Invoker.injectParameters(Invoker.java:1278)
	at org.testng.internal.Invoker.invokeTestMethods(Invoker.java:1171)
	at org.testng.internal.TestMethodWorker.invokeTestMethods(TestMethodWorker.java:129)
	at org.testng.internal.TestMethodWorker.run(TestMethodWorker.java:112)
	at java.util.concurrent.ThreadPoolExecutor.runWorker(Unknown Source)
	at java.util.concurrent.ThreadPoolExecutor$Worker.run(Unknown Source)
	at java.lang.Thread.run(Unknown Source)
]]>
    </error>
  </testcase> <!-- namesearch -->
  <testcase name="closeDriverObjects" classname="projectFactory.DriverFactory">
    <skipped/>
  </testcase> <!-- closeDriverObjects -->
  <testcase name="closeDriverObjects" classname="projectFactory.DriverFactory">
    <skipped/>
  </testcase> <!-- closeDriverObjects -->
  <testcase name="instantiateDriverObject" classname="projectFactory.DriverFactory">
    <skipped/>
  </testcase> <!-- instantiateDriverObject -->
  <testcase name="instantiateDriverObject" classname="projectFactory.DriverFactory">
    <skipped/>
  </testcase> <!-- instantiateDriverObject -->
</testsuite> <!-- tests.TC1_Google_Searchname -->
