<?xml version="1.0" encoding="UTF-8"?>
<!-- Generated by org.testng.reporters.JUnitReportReporter -->
<testsuite name="tests.TAVMouseTest" tests="1" time="24.713" ignored="0" failures="0" timestamp="02 Aug 2017 14:44:30 GMT" skipped="0" hostname="CSCINDAE752636" errors="0">
  <testcase name="AboutUs" time="24.713" classname="tests.TAVMouseTest"/>
</testsuite> <!-- tests.TAVMouseTest -->
