<?xml version="1.0" encoding="UTF-8"?>
<!-- Generated by org.testng.reporters.JUnitReportReporter -->
<testsuite name="tests.TC1_GR_FB_Account" tests="1" time="9.493" ignored="2" failures="0" timestamp="25 Jul 2017 02:51:18 GMT" skipped="0" hostname="DESKTOP-DAP7KSU" errors="0">
  <testcase name="FB" time="9.493" classname="tests.TC1_GR_FB_Account"/>
  <testcase name="closeDriverObjects" classname="projectFactory.DriverFactory">
    <skipped/>
  </testcase> <!-- closeDriverObjects -->
  <testcase name="instantiateDriverObject" classname="projectFactory.DriverFactory">
    <skipped/>
  </testcase> <!-- instantiateDriverObject -->
</testsuite> <!-- tests.TC1_GR_FB_Account -->
