<?xml version="1.0" encoding="UTF-8"?>
<!-- Generated by org.testng.reporters.JUnitReportReporter -->
<testsuite name="tests.TAVMouseTest" tests="1" time="16.157" ignored="0" failures="0" timestamp="02 Aug 2017 13:00:16 GMT" skipped="0" hostname="CSCINDAE740954" errors="0">
  <testcase name="AboutUs" time="16.157" classname="tests.TAVMouseTest"/>
</testsuite> <!-- tests.TAVMouseTest -->
